[2026-03-27 02:10:33] PointNet classification configuration
[2026-03-27 02:10:33]   run_mode            : full
[2026-03-27 02:10:33]   data_dir            : /storage/student6/dev/3D-Segmentation-Restoration/data/classification
[2026-03-27 02:10:33]   mesh_data_dir       : /storage/student6/dev/3D-Segmentation-Restoration/data/Fantastic_Breaks_v1
[2026-03-27 02:10:33]   log_dir             : /storage/student6/dev/3D-Segmentation-Restoration/src/results/pointnet_cls
[2026-03-27 02:10:33]   model_name          : pointnet_cls
[2026-03-27 02:10:33]   gpu_index           : 3
[2026-03-27 02:10:33]   num_point           : None
[2026-03-27 02:10:33]   batch_size          : 16
[2026-03-27 02:10:33]   max_epoch           : 200
[2026-03-27 02:10:33]   learning_rate       : 0.001
[2026-03-27 02:10:33]   optimizer           : adam
[2026-03-27 02:10:33]   train_limit         : None
[2026-03-27 02:10:33]   test_limit          : None
[2026-03-27 02:10:33]   eval_limit          : None
[2026-03-27 02:10:33]   checkpoint_metric   : broken_f1
[2026-03-27 02:10:33]   seed                : 42
[2026-03-27 02:10:33] Using num_point=8192 from data shape 8192
[2026-03-27 02:10:33] Train      n= 240 | complete= 120 | broken= 120
[2026-03-27 02:10:33] Validation n=  60 | complete=  30 | broken=  30
[2026-03-27 02:10:33] Attached 60 validation object IDs.
[2026-03-27 02:10:46] Resolved evaluation device: /gpu:3
[2026-03-27 02:10:46] Evaluating checkpoint: ../../results/pointnet_cls/best_model.ckpt
[2026-03-27 02:11:09]                   precision     recall   f1-score    support
[2026-03-27 02:11:09] 
[2026-03-27 02:11:09]         Complete     0.7838     0.9667     0.8657         30
[2026-03-27 02:11:09]           Broken     0.9565     0.7333     0.8302         30
[2026-03-27 02:11:09] 
[2026-03-27 02:11:09]         accuracy                           0.8500         60
[2026-03-27 02:11:09]        macro avg     0.8702     0.8500     0.8479         60
[2026-03-27 02:11:09]     weighted avg     0.8702     0.8500     0.8479         60
[2026-03-27 02:11:10] Saved evaluation plots to /storage/student6/dev/3D-Segmentation-Restoration/src/results/pointnet_cls
[2026-03-27 02:11:10] Most confident mistakes:
[2026-03-27 02:11:10]    46 | 09040_b | true=Broken pred=Complete | p_broken=0.1684 | conf=0.8316
[2026-03-27 02:11:10]     8 | 09018_b | true=Broken pred=Complete | p_broken=0.1775 | conf=0.8225
[2026-03-27 02:11:10]    52 | 09031_b | true=Broken pred=Complete | p_broken=0.2403 | conf=0.7597
[2026-03-27 02:11:10]    38 | 07006_b | true=Broken pred=Complete | p_broken=0.2617 | conf=0.7383
[2026-03-27 02:11:10]    53 | 00021_b | true=Broken pred=Complete | p_broken=0.2967 | conf=0.7033
[2026-03-27 02:11:10]    44 | 00019_b | true=Broken pred=Complete | p_broken=0.3027 | conf=0.6973
[2026-03-27 02:11:10]    33 | 00040_b | true=Broken pred=Complete | p_broken=0.3064 | conf=0.6936
[2026-03-27 02:11:10]    24 | 00015_b | true=Broken pred=Complete | p_broken=0.3203 | conf=0.6797
[2026-03-27 02:11:10]     3 | 07005_c | true=Complete pred=Broken | p_broken=0.5348 | conf=0.5348
[2026-03-27 02:12:09] Saved inference results to /storage/student6/dev/3D-Segmentation-Restoration/src/results/pointnet_cls/inference_results.csv
